12-Jan-2024 02:57:31.136 信息 [main] org.apache.catalina.startup.VersionLoggerListener.log Server version:        Apache Tomcat/9.0.10
12-Jan-2024 02:57:31.139 信息 [main] org.apache.catalina.startup.VersionLoggerListener.log Server built:          Jun 20 2018 17:32:21 UTC
12-Jan-2024 02:57:31.139 信息 [main] org.apache.catalina.startup.VersionLoggerListener.log Server number:         9.0.10.0
12-Jan-2024 02:57:31.140 信息 [main] org.apache.catalina.startup.VersionLoggerListener.log OS Name:               Windows 10
12-Jan-2024 02:57:31.140 信息 [main] org.apache.catalina.startup.VersionLoggerListener.log OS Version:            10.0
12-Jan-2024 02:57:31.140 信息 [main] org.apache.catalina.startup.VersionLoggerListener.log Architecture:          amd64
12-Jan-2024 02:57:31.140 信息 [main] org.apache.catalina.startup.VersionLoggerListener.log Java Home:             C:\JDK\jdk-19.0.1
12-Jan-2024 02:57:31.140 信息 [main] org.apache.catalina.startup.VersionLoggerListener.log JVM Version:           19.0.1+10-21
12-Jan-2024 02:57:31.140 信息 [main] org.apache.catalina.startup.VersionLoggerListener.log JVM Vendor:            Oracle Corporation
12-Jan-2024 02:57:31.140 信息 [main] org.apache.catalina.startup.VersionLoggerListener.log CATALINA_BASE:         E:\HohaiU\In-ClassLearning\Junior\数据库系统原理实践\shui_management
12-Jan-2024 02:57:31.140 信息 [main] org.apache.catalina.startup.VersionLoggerListener.log CATALINA_HOME:         C:\JDK\apache-tomcat-9.0.10
12-Jan-2024 02:57:31.141 信息 [main] org.apache.catalina.startup.VersionLoggerListener.log Command line argument: --add-opens=java.base/java.lang=ALL-UNNAMED
12-Jan-2024 02:57:31.141 信息 [main] org.apache.catalina.startup.VersionLoggerListener.log Command line argument: --add-opens=java.base/java.io=ALL-UNNAMED
12-Jan-2024 02:57:31.141 信息 [main] org.apache.catalina.startup.VersionLoggerListener.log Command line argument: --add-opens=java.base/java.util=ALL-UNNAMED
12-Jan-2024 02:57:31.142 信息 [main] org.apache.catalina.startup.VersionLoggerListener.log Command line argument: --add-opens=java.base/java.util.concurrent=ALL-UNNAMED
12-Jan-2024 02:57:31.142 信息 [main] org.apache.catalina.startup.VersionLoggerListener.log Command line argument: --add-opens=java.rmi/sun.rmi.transport=ALL-UNNAMED
12-Jan-2024 02:57:31.142 信息 [main] org.apache.catalina.startup.VersionLoggerListener.log Command line argument: -Dcatalina.home=C:\JDK\apache-tomcat-9.0.10
12-Jan-2024 02:57:31.142 信息 [main] org.apache.catalina.startup.VersionLoggerListener.log Command line argument: -Dcatalina.base=E:\HohaiU\In-ClassLearning\Junior\数据库系统原理实践\shui_management
12-Jan-2024 02:57:31.142 信息 [main] org.apache.catalina.startup.VersionLoggerListener.log Command line argument: -Djava.io.tmpdir=E:\HohaiU\In-ClassLearning\Junior\数据库系统原理实践\shui_management\temp
12-Jan-2024 02:57:31.142 信息 [main] org.apache.catalina.startup.VersionLoggerListener.log Command line argument: -Djava.util.logging.config.file=E:\HohaiU\In-ClassLearning\Junior\数据库系统原理实践\shui_management\conf\logging.properties
12-Jan-2024 02:57:31.142 信息 [main] org.apache.catalina.startup.VersionLoggerListener.log Command line argument: -Djava.util.logging.manager=org.apache.juli.ClassLoaderLogManager
12-Jan-2024 02:57:31.142 信息 [main] org.apache.catalina.startup.VersionLoggerListener.log Command line argument: -javaagent:C:\Software\IntelliJ IDEA Community Edition 2022.2.3\lib\idea_rt.jar=64122:C:\Software\IntelliJ IDEA Community Edition 2022.2.3\bin
12-Jan-2024 02:57:31.143 信息 [main] org.apache.catalina.startup.VersionLoggerListener.log Command line argument: -Dfile.encoding=UTF-8
12-Jan-2024 02:57:31.143 信息 [main] org.apache.catalina.startup.VersionLoggerListener.log Command line argument: -Dsun.stdout.encoding=UTF-8
12-Jan-2024 02:57:31.143 信息 [main] org.apache.catalina.startup.VersionLoggerListener.log Command line argument: -Dsun.stderr.encoding=UTF-8
12-Jan-2024 02:57:31.143 信息 [main] org.apache.catalina.core.AprLifecycleListener.lifecycleEvent Loaded APR based Apache Tomcat Native library [1.2.17] using APR version [1.6.3].
12-Jan-2024 02:57:31.143 信息 [main] org.apache.catalina.core.AprLifecycleListener.lifecycleEvent APR capabilities: IPv6 [true], sendfile [true], accept filters [false], random [true].
12-Jan-2024 02:57:31.143 信息 [main] org.apache.catalina.core.AprLifecycleListener.lifecycleEvent APR/OpenSSL configuration: useAprConnector [false], useOpenSSL [true]
12-Jan-2024 02:57:31.887 信息 [main] org.apache.catalina.core.AprLifecycleListener.initializeSSL OpenSSL successfully initialized [OpenSSL 1.0.2o  27 Mar 2018]
12-Jan-2024 02:57:31.915 信息 [main] org.apache.coyote.AbstractProtocol.init Initializing ProtocolHandler ["http-nio-8080"]
12-Jan-2024 02:57:31.983 信息 [main] org.apache.tomcat.util.net.NioSelectorPool.getSharedSelector Using a shared selector for servlet write/read
12-Jan-2024 02:57:31.987 信息 [main] org.apache.coyote.AbstractProtocol.init Initializing ProtocolHandler ["ajp-nio-8009"]
12-Jan-2024 02:57:31.990 信息 [main] org.apache.tomcat.util.net.NioSelectorPool.getSharedSelector Using a shared selector for servlet write/read
12-Jan-2024 02:57:31.990 信息 [main] org.apache.catalina.startup.Catalina.load Initialization processed in 1226 ms
12-Jan-2024 02:57:32.017 信息 [main] org.apache.catalina.core.StandardService.startInternal Starting service [Catalina]
12-Jan-2024 02:57:32.018 信息 [main] org.apache.catalina.core.StandardEngine.startInternal Starting Servlet Engine: Apache Tomcat/9.0.10
12-Jan-2024 02:57:32.024 信息 [main] org.apache.catalina.startup.HostConfig.deployDescriptor Deploying deployment descriptor [E:\HohaiU\In-ClassLearning\Junior\数据库系统原理实践\shui_management\conf\Catalina\localhost\shui_management.xml]
12-Jan-2024 02:57:33.068 信息 [main] org.apache.jasper.servlet.TldScanner.scanJars At least one JAR was scanned for TLDs yet contained no TLDs. Enable debug logging for this logger for a complete list of JARs that were scanned but no TLDs were found in them. Skipping unneeded JARs during scanning can improve startup time and JSP compilation time.
12-Jan-2024 02:57:33.120 信息 [main] org.apache.catalina.startup.HostConfig.deployDescriptor Deployment of deployment descriptor [E:\HohaiU\In-ClassLearning\Junior\数据库系统原理实践\shui_management\conf\Catalina\localhost\shui_management.xml] has finished in [1,095] ms
12-Jan-2024 02:57:33.121 信息 [main] org.apache.coyote.AbstractProtocol.start Starting ProtocolHandler ["http-nio-8080"]
12-Jan-2024 02:57:33.129 信息 [main] org.apache.coyote.AbstractProtocol.start Starting ProtocolHandler ["ajp-nio-8009"]
12-Jan-2024 02:57:33.132 信息 [main] org.apache.catalina.startup.Catalina.start Server startup in 1142 ms
12-Jan-2024 02:58:22.010 信息 [Thread-4] org.apache.coyote.AbstractProtocol.pause Pausing ProtocolHandler ["http-nio-8080"]
12-Jan-2024 02:58:22.073 信息 [Thread-4] org.apache.coyote.AbstractProtocol.pause Pausing ProtocolHandler ["ajp-nio-8009"]
12-Jan-2024 02:58:22.151 信息 [Thread-4] org.apache.catalina.core.StandardService.stopInternal Stopping service [Catalina]
12-Jan-2024 02:58:22.156 警告 [Thread-4] org.apache.catalina.loader.WebappClassLoaderBase.clearReferencesJdbc The web application [shui_management] registered the JDBC driver [com.mysql.cj.jdbc.Driver] but failed to unregister it when the web application was stopped. To prevent a memory leak, the JDBC Driver has been forcibly unregistered.
12-Jan-2024 02:58:22.157 警告 [Thread-4] org.apache.catalina.loader.WebappClassLoaderBase.clearReferencesThreads The web application [shui_management] appears to have started a thread named [mysql-cj-abandoned-connection-cleanup] but has failed to stop it. This is very likely to create a memory leak. Stack trace of thread:
 java.base/jdk.internal.misc.Unsafe.park(Native Method)
 java.base/java.util.concurrent.locks.LockSupport.parkNanos(LockSupport.java:269)
 java.base/java.util.concurrent.locks.AbstractQueuedSynchronizer$ConditionObject.await(AbstractQueuedSynchronizer.java:1759)
 java.base/java.lang.ref.ReferenceQueue.await(ReferenceQueue.java:71)
 java.base/java.lang.ref.ReferenceQueue.remove0(ReferenceQueue.java:143)
 java.base/java.lang.ref.ReferenceQueue.remove(ReferenceQueue.java:218)
 com.mysql.cj.jdbc.AbandonedConnectionCleanupThread.run(AbandonedConnectionCleanupThread.java:93)
 java.base/java.util.concurrent.ThreadPoolExecutor.runWorker(ThreadPoolExecutor.java:1144)
 java.base/java.util.concurrent.ThreadPoolExecutor$Worker.run(ThreadPoolExecutor.java:642)
 java.base/java.lang.Thread.run(Thread.java:1589)
12-Jan-2024 02:58:22.158 警告 [Thread-4] org.apache.catalina.loader.WebappClassLoaderBase.clearReferencesObjectStreamClassCaches Failed to clear soft references from ObjectStreamClass$Caches for web application [shui_management]
 java.lang.ClassCastException: class java.io.ObjectStreamClass$Caches$1 cannot be cast to class java.util.Map (java.io.ObjectStreamClass$Caches$1 and java.util.Map are in module java.base of loader 'bootstrap')
	at org.apache.catalina.loader.WebappClassLoaderBase.clearCache(WebappClassLoaderBase.java:2207)
	at org.apache.catalina.loader.WebappClassLoaderBase.clearReferencesObjectStreamClassCaches(WebappClassLoaderBase.java:2194)
	at org.apache.catalina.loader.WebappClassLoaderBase.clearReferences(WebappClassLoaderBase.java:1567)
	at org.apache.catalina.loader.WebappClassLoaderBase.stop(WebappClassLoaderBase.java:1497)
	at org.apache.catalina.loader.WebappLoader.stopInternal(WebappLoader.java:443)
	at org.apache.catalina.util.LifecycleBase.stop(LifecycleBase.java:257)
	at org.apache.catalina.core.StandardContext.stopInternal(StandardContext.java:5367)
	at org.apache.catalina.util.LifecycleBase.stop(LifecycleBase.java:257)
	at org.apache.catalina.core.ContainerBase$StopChild.call(ContainerBase.java:1443)
	at org.apache.catalina.core.ContainerBase$StopChild.call(ContainerBase.java:1432)
	at java.base/java.util.concurrent.FutureTask.run(FutureTask.java:317)
	at org.apache.tomcat.util.threads.InlineExecutorService.execute(InlineExecutorService.java:75)
	at java.base/java.util.concurrent.AbstractExecutorService.submit(AbstractExecutorService.java:145)
	at org.apache.catalina.core.ContainerBase.stopInternal(ContainerBase.java:999)
	at org.apache.catalina.util.LifecycleBase.stop(LifecycleBase.java:257)
	at org.apache.catalina.core.ContainerBase$StopChild.call(ContainerBase.java:1443)
	at org.apache.catalina.core.ContainerBase$StopChild.call(ContainerBase.java:1432)
	at java.base/java.util.concurrent.FutureTask.run(FutureTask.java:317)
	at org.apache.tomcat.util.threads.InlineExecutorService.execute(InlineExecutorService.java:75)
	at java.base/java.util.concurrent.AbstractExecutorService.submit(AbstractExecutorService.java:145)
	at org.apache.catalina.core.ContainerBase.stopInternal(ContainerBase.java:999)
	at org.apache.catalina.util.LifecycleBase.stop(LifecycleBase.java:257)
	at org.apache.catalina.core.StandardService.stopInternal(StandardService.java:471)
	at org.apache.catalina.util.LifecycleBase.stop(LifecycleBase.java:257)
	at org.apache.catalina.core.StandardServer.stopInternal(StandardServer.java:791)
	at org.apache.catalina.util.LifecycleBase.stop(LifecycleBase.java:257)
	at org.apache.catalina.startup.Catalina.stop(Catalina.java:755)
	at org.apache.catalina.startup.Catalina$CatalinaShutdownHook.run(Catalina.java:856)

12-Jan-2024 02:58:22.162 信息 [Thread-4] org.apache.coyote.AbstractProtocol.stop Stopping ProtocolHandler ["http-nio-8080"]
12-Jan-2024 02:58:22.163 信息 [Thread-4] org.apache.coyote.AbstractProtocol.stop Stopping ProtocolHandler ["ajp-nio-8009"]
12-Jan-2024 02:58:22.164 信息 [Thread-4] org.apache.coyote.AbstractProtocol.destroy Destroying ProtocolHandler ["http-nio-8080"]
12-Jan-2024 02:58:22.164 信息 [Thread-4] org.apache.coyote.AbstractProtocol.destroy Destroying ProtocolHandler ["ajp-nio-8009"]
